<?xml version="1.0" encoding="UTF-8"?>
<testsuite name="net.Touchtunes.stepdefinitions.RunCukesTest" tests="0" skipped="0" failures="0" errors="0" timestamp="1970-01-01T00:00:00" hostname="LAPTOP-6GFP295O" time="0.0">
  <properties/>
  <system-out><![CDATA[Feature: Verify Google search scenario and links on touchtunes press website
Links:[http://www.touchtunes.com/experiences/mobile/, https://tempo.touchtunes.com/, http://www.touchtunes.com/about/press/#, http://www.touchtunes.com/products/fusion/, http://www.touchtunes.com/products/angelina/, http://www.touchtunes.com/products/virtuo/, http://www.touchtunes.com/products/touchtunestv/, http://www.touchtunes.com/about/press/#, http://www.touchtunes.com/experiences/music/, http://www.touchtunes.com/experiences/mobile/, http://www.touchtunes.com/experiences/karaoke/, http://www.touchtunes.com/experiences/photobooth/, http://www.touchtunes.com/about/press/#, http://www.touchtunes.com/work-with-us/operators/, http://www.touchtunes.com/work-with-us/venues/, http://www.touchtunes.com/work-with-us/nationalaccounts/, http://www.touchtunes.com/work-with-us/attractmedia/, http://www.touchtunes.com/work-with-us/music-partners/, http://www.touchtunes.com/work-with-us/career/, http://www.touchtunes.com/about/press/#, http://www.touchtunes.com/about/overview/, http://www.touchtunes.com/about/press/, http://www.touchtunes.com/about/leadership/, http://www.touchtunes.com/, http://www.touchtunes.com/about/press/#, http://www.touchtunes.com/products/fusion/, http://www.touchtunes.com/products/angelina/, http://www.touchtunes.com/products/virtuo/, http://www.touchtunes.com/products/touchtunestv/, http://www.touchtunes.com/about/press/#, http://www.touchtunes.com/experiences/music/, http://www.touchtunes.com/experiences/mobile/, http://www.touchtunes.com/experiences/karaoke/, http://www.touchtunes.com/experiences/photobooth/, http://www.touchtunes.com/about/press/#, http://www.touchtunes.com/work-with-us/operators/, http://www.touchtunes.com/work-with-us/venues/, http://www.touchtunes.com/work-with-us/nationalaccounts/, http://www.touchtunes.com/work-with-us/attractmedia/, http://www.touchtunes.com/work-with-us/music-partners/, http://www.touchtunes.com/work-with-us/career/, http://www.touchtunes.com/about/press/#, http://www.touchtunes.com/about/overview/, http://www.touchtunes.com/about/press/, http://www.touchtunes.com/about/leadership/, http://www.touchtunes.com/experiences/mobile/, https://tempo.touchtunes.com/, http://www.touchtunes.com/contactus, http://www.touchtunes.com/2018yearendchartspress, http://www.touchtunes.com/angelinapressrelease, http://www.touchtunes.com/2017yearendchartspress, http://www.touchtunes.com/nationaljukeboxdaypress, http://www.touchtunes.com/playnetworkmerger, http://www.touchtunes.com/playnetworkpress, http://www.touchtunes.com/tvpress, http://www.touchtunes.com/harbortouchpress, http://www.touchtunes.com/2016yearendchartspress, http://www.touchtunes.com/soundleisurepress, http://www.digitalsignagetoday.com/news/liquor-brands-to-sponsor-touchtunes-transit-information-system/, http://www.soundandvision.com/content/touchtunes-redefines-jukebox#wDwROrHJJEMHMIje.97, http://www.touchtunes.com/musicdirectionpress, http://www.touchtunes.com/beatlespress, http://www.prnewswire.com/news-releases/touchtunes-next-generation-mobile-app-now-available-300263196.html, http://www.prnewswire.com/news-releases/touchtunes-announces-breakout-band-winner-tyler-rich-300246878.html, http://www.cnet.com/news/touchtunes-now-biggest-in-venue-streaming-service/, http://www.touchtunes.com/newmobileapp, http://www.touchtunes.com/rosshoney, http://www.prnewswire.com/news-releases/touchtunes-searches-for-americas-next-breakout-band-300183440.html, http://www.digitalsignagetoday.com/news/after-launch-of-new-ad-platform-touchtunes-joins-dpaa/, http://www.prnewswire.com/news-releases/searchlight-capital-partners-acquires-touchtunes-300060061.html, http://www.billboard.com/articles/columns/the-615/6398484/luke-bryan-jukebox-most-popular-artist-2014-touchtunes-country-list, http://www.mediapost.com/publications/article/236933/touchtunes-thrillist-launch-cross-platform-ad-par.html, http://www.mediapost.com/publications/article/236770/wpps-kinetic-adds-touchtunes-to-place-based-ad-ne.html, http://variety.com/2014/film/news/movietickets-teams-with-touchtunes-on-mobile-apps-jukebox-promotions-1201335769/, http://www.prnewswire.com/news-releases/touchtunes-and-photo-finish-records-partner-in-search-of-2014s-next-breakout-band-263510731.html, http://www.touchtunes.com/soundnetannouncement, http://www.prnewswire.com/news-releases/touchtunes-unveils-playdium-the-next-generation-platform-at-2014-amusement-expo-252540031.html, http://www.touchtunes.com/media/files/CharlesGoldstuckInterview.pdf, http://www.touchtunes.com/marketing/media/Bloomberg-Rise-of-Jukebox.pdf, http://www.touchtunes.com/media/files/Cover_Story_Playmeter_11_11.PDF, http://www.touchtunes.com/media/files/Replay_Cover_Story_July_2011.PDF, http://geek-news.mtv.com/2011/03/09/touchtunes-virtuo-jukebox-brings-new-features-and-a-camera/, http://www.psfk.com/2011/03/touchtunes-virtuo-re-inventing-the-jukebox.html, http://gizmodo.com/touchtunes, http://www.touchtunes.com/playnetworkmerger, http://www.facebook.com/touchtunes, https://twitter.com/touchtunes, http://www.instagram.com/touchtunes, http://www.linkedin.com/company/touchtunes-interactive-networks, http://www.touchtunes.com/privacy-policy, http://www.touchtunes.com/termsofuse, http://www.touchtunes.com/about/overview, http://www.touchtunes.com/contactus, http://www.touchtunes.com/patents/, http://www.touchtunes.com/contact/general, http://www.touchtunes.com/fr/, http://www.touchtunes.com/en/]
Broken Link:http://www.soundandvision.com/content/touchtunes-redefines-jukebox#wDwROrHJJEMHMIje.97
Broken Link:http://www.soundandvision.com/content/touchtunes-redefines-jukebox#wDwROrHJJEMHMIje.97
Broken Link:http://www.soundandvision.com/content/touchtunes-redefines-jukebox#wDwROrHJJEMHMIje.97
Broken Link:http://www.soundandvision.com/content/touchtunes-redefines-jukebox#wDwROrHJJEMHMIje.97
Broken Link:http://www.soundandvision.com/content/touchtunes-redefines-jukebox#wDwROrHJJEMHMIje.97

  Scenario: Validate links on touchtunes press page ?[90m# WebTestScenarios.feature:9?[0m
    ?[32mWhen ?[0m?[32mUser navigates to touchtunes press page?[0m    ?[90m# CommonStepDefs.user_navigates_to_touchtunes_press_page()?[0m
    ?[32mAnd ?[0m?[32mUser gets and logs all links?[0m                ?[90m# TouchtunesPressStepDefs.user_gets_and_logs_all_links()?[0m
    ?[32mThen ?[0m?[32mUser checks and prints broken links?[0m        ?[90m# TouchtunesPressStepDefs.user_checks_and_prints_broken_links()?[0m

2 Scenarios (?[32m2 passed?[0m)
7 Steps (?[32m7 passed?[0m)
2m54.982s

]]></system-out>
  <system-err><![CDATA[]]></system-err>
</testsuite>
